This file contains any messages produced by compilers while
running configure, to aid debugging if configure makes a mistake.

It was created by configure, which was
generated by GNU Autoconf 2.69.  Invocation command line was

  $ ./configure --enable-mongo --with-php-config=php-config --prefix=/usr/lib/php5/

## --------- ##
## Platform. ##
## --------- ##

hostname = ubuntu
uname -m = x86_64
uname -r = 4.4.0-47-generic
uname -s = Linux
uname -v = #68-Ubuntu SMP Wed Oct 26 19:39:52 UTC 2016

/usr/bin/uname -p = unknown
/bin/uname -X     = unknown

/bin/arch              = unknown
/usr/bin/arch -k       = unknown
/usr/convex/getsysinfo = unknown
/usr/bin/hostinfo      = unknown
/bin/machine           = unknown
/usr/bin/oslevel       = unknown
/bin/universe          = unknown

PATH: /home/madalina/bin
PATH: /home/madalina/.local/bin
PATH: /usr/local/sbin
PATH: /usr/local/bin
PATH: /usr/sbin
PATH: /usr/bin
PATH: /sbin
PATH: /bin
PATH: /usr/games
PATH: /usr/local/games
PATH: /snap/bin
PATH: /home/madalina/.rvm/bin
PATH: /home/madalina/.rvm/bin


## ----------- ##
## Core tests. ##
## ----------- ##

configure:2103: checking for grep that handles long lines and -e
configure:2161: result: /bin/grep
configure:2166: checking for egrep
configure:2228: result: /bin/grep -E
configure:2233: checking for a sed that does not truncate output
configure:2297: result: /bin/sed
configure:2436: checking for cc
configure:2452: found /usr/bin/cc
configure:2463: result: cc
configure:2494: checking for C compiler version
configure:2503: cc --version >&5
cc (Ubuntu 5.4.0-6ubuntu1~16.04.4) 5.4.0 20160609
Copyright (C) 2015 Free Software Foundation, Inc.
This is free software; see the source for copying conditions.  There is NO
warranty; not even for MERCHANTABILITY or FITNESS FOR A PARTICULAR PURPOSE.

configure:2514: $? = 0
configure:2503: cc -v >&5
Using built-in specs.
COLLECT_GCC=cc
COLLECT_LTO_WRAPPER=/usr/lib/gcc/x86_64-linux-gnu/5/lto-wrapper
Target: x86_64-linux-gnu
Configured with: ../src/configure -v --with-pkgversion='Ubuntu 5.4.0-6ubuntu1~16.04.4' --with-bugurl=file:///usr/share/doc/gcc-5/README.Bugs --enable-languages=c,ada,c++,java,go,d,fortran,objc,obj-c++ --prefix=/usr --program-suffix=-5 --enable-shared --enable-linker-build-id --libexecdir=/usr/lib --without-included-gettext --enable-threads=posix --libdir=/usr/lib --enable-nls --with-sysroot=/ --enable-clocale=gnu --enable-libstdcxx-debug --enable-libstdcxx-time=yes --with-default-libstdcxx-abi=new --enable-gnu-unique-object --disable-vtable-verify --enable-libmpx --enable-plugin --with-system-zlib --disable-browser-plugin --enable-java-awt=gtk --enable-gtk-cairo --with-java-home=/usr/lib/jvm/java-1.5.0-gcj-5-amd64/jre --enable-java-home --with-jvm-root-dir=/usr/lib/jvm/java-1.5.0-gcj-5-amd64 --with-jvm-jar-dir=/usr/lib/jvm-exports/java-1.5.0-gcj-5-amd64 --with-arch-directory=amd64 --with-ecj-jar=/usr/share/java/eclipse-ecj.jar --enable-objc-gc --enable-multiarch --disable-werror --with-arch-32=i686 --with-abi=m64 --with-multilib-list=m32,m64,mx32 --enable-multilib --with-tune=generic --enable-checking=release --build=x86_64-linux-gnu --host=x86_64-linux-gnu --target=x86_64-linux-gnu
Thread model: posix
gcc version 5.4.0 20160609 (Ubuntu 5.4.0-6ubuntu1~16.04.4) 
configure:2514: $? = 0
configure:2503: cc -V >&5
cc: error: unrecognized command line option '-V'
cc: fatal error: no input files
compilation terminated.
configure:2514: $? = 1
configure:2503: cc -qversion >&5
cc: error: unrecognized command line option '-qversion'
cc: fatal error: no input files
compilation terminated.
configure:2514: $? = 1
configure:2534: checking whether the C compiler works
configure:2556: cc    conftest.c  >&5
configure:2560: $? = 0
configure:2608: result: yes
configure:2611: checking for C compiler default output file name
configure:2613: result: a.out
configure:2619: checking for suffix of executables
configure:2626: cc -o conftest    conftest.c  >&5
configure:2630: $? = 0
configure:2652: result: 
configure:2674: checking whether we are cross compiling
configure:2682: cc -o conftest    conftest.c  >&5
configure:2686: $? = 0
configure:2693: ./conftest
configure:2697: $? = 0
configure:2712: result: no
configure:2717: checking for suffix of object files
configure:2739: cc -c   conftest.c >&5
configure:2743: $? = 0
configure:2764: result: o
configure:2768: checking whether we are using the GNU C compiler
configure:2787: cc -c   conftest.c >&5
configure:2787: $? = 0
configure:2796: result: yes
configure:2805: checking whether cc accepts -g
configure:2825: cc -c -g  conftest.c >&5
configure:2825: $? = 0
configure:2866: result: yes
configure:2883: checking for cc option to accept ISO C89
configure:2946: cc  -c -g -O2  conftest.c >&5
configure:2946: $? = 0
configure:2959: result: none needed
configure:2985: checking how to run the C preprocessor
configure:3016: cc -E  conftest.c
configure:3016: $? = 0
configure:3030: cc -E  conftest.c
conftest.c:9:28: fatal error: ac_nonexistent.h: No such file or directory
compilation terminated.
configure:3030: $? = 1
configure: failed program was:
| /* confdefs.h */
| #define PACKAGE_NAME ""
| #define PACKAGE_TARNAME ""
| #define PACKAGE_VERSION ""
| #define PACKAGE_STRING ""
| #define PACKAGE_BUGREPORT ""
| #define PACKAGE_URL ""
| /* end confdefs.h.  */
| #include <ac_nonexistent.h>
configure:3055: result: cc -E
configure:3075: cc -E  conftest.c
configure:3075: $? = 0
configure:3089: cc -E  conftest.c
conftest.c:9:28: fatal error: ac_nonexistent.h: No such file or directory
compilation terminated.
configure:3089: $? = 1
configure: failed program was:
| /* confdefs.h */
| #define PACKAGE_NAME ""
| #define PACKAGE_TARNAME ""
| #define PACKAGE_VERSION ""
| #define PACKAGE_STRING ""
| #define PACKAGE_BUGREPORT ""
| #define PACKAGE_URL ""
| /* end confdefs.h.  */
| #include <ac_nonexistent.h>
configure:3120: checking for icc
configure:3129: result: no
configure:3143: checking for suncc
configure:3152: result: no
configure:3170: checking whether cc understands -c and -o together
configure:3198: cc -c conftest.c -o conftest2.o >&5
configure:3202: $? = 0
configure:3208: cc -c conftest.c -o conftest2.o >&5
configure:3212: $? = 0
configure:3267: result: yes
configure:3281: checking for system library directory
configure:3296: result: lib
configure:3303: checking if compiler supports -R
configure:3322: cc -o conftest -g -O2   conftest.c -R /usr/lib  >&5
cc: error: unrecognized command line option '-R'
configure:3322: $? = 1
configure: failed program was:
| /* confdefs.h */
| #define PACKAGE_NAME ""
| #define PACKAGE_TARNAME ""
| #define PACKAGE_VERSION ""
| #define PACKAGE_STRING ""
| #define PACKAGE_BUGREPORT ""
| #define PACKAGE_URL ""
| /* end confdefs.h.  */
| 
| int
| main ()
| {
| 
|   ;
|   return 0;
| }
configure:3332: result: no
configure:3337: checking if compiler supports -Wl,-rpath,
configure:3356: cc -o conftest -g -O2   conftest.c -Wl,-rpath,/usr/lib  >&5
configure:3356: $? = 0
configure:3366: result: yes
configure:3411: checking build system type
configure:3425: result: x86_64-pc-linux-gnu
configure:3445: checking host system type
configure:3458: result: x86_64-pc-linux-gnu
configure:3478: checking target system type
configure:3491: result: x86_64-pc-linux-gnu
configure:3594: checking for PHP prefix
configure:3596: result: /usr
configure:3598: checking for PHP includes
configure:3600: result: -I/usr/include/php/20151012 -I/usr/include/php/20151012/main -I/usr/include/php/20151012/TSRM -I/usr/include/php/20151012/Zend -I/usr/include/php/20151012/ext -I/usr/include/php/20151012/ext/date/lib
configure:3602: checking for PHP extension directory
configure:3604: result: /usr/lib/php/20151012
configure:3606: checking for PHP installed headers prefix
configure:3608: result: /usr/include/php/20151012
configure:3611: checking if debug is enabled
configure:3637: result: no
configure:3640: checking if zts is enabled
configure:3666: result: no
configure:3737: checking for re2c
configure:3767: result: no
configure:3792: WARNING: You will need re2c 0.13.4 or later if you want to regenerate PHP parsers.
configure:3806: checking for gawk
configure:3823: found /usr/bin/gawk
configure:3834: result: gawk
configure:3877: checking whether to enable Mongo extension
configure:3916: result: yes, shared
configure:4863: checking whether byte ordering is bigendian
configure:4889: cc -o conftest -g -O2   conftest.c  >&5
configure:4889: $? = 0
configure:4889: ./conftest
configure:4889: $? = 1
configure: program exited with status 1
configure: failed program was:
| /* confdefs.h */
| #define PACKAGE_NAME ""
| #define PACKAGE_TARNAME ""
| #define PACKAGE_VERSION ""
| #define PACKAGE_STRING ""
| #define PACKAGE_BUGREPORT ""
| #define PACKAGE_URL ""
| #define HAVE_MONGO 1
| #define COMPILE_DL_MONGO 1
| /* end confdefs.h.  */
| 
| int main(void)
| {
|   short one = 1;
|   char *cp = (char *)&one;
| 
|   if (*cp == 0) {
|     return(0);
|   } else {
|     return(1);
|   }
| }
| 
configure:4900: result: no
configure:4934: checking whether to include code coverage symbols
configure:4948: result: no
configure:5106: checking Build with Cyrus SASL support
configure:5121: result: no
configure:5493: checking how to print strings
configure:5520: result: printf
configure:5541: checking for a sed that does not truncate output
configure:5605: result: /bin/sed
configure:5623: checking for fgrep
configure:5685: result: /bin/grep -F
configure:5720: checking for ld used by cc
configure:5787: result: /usr/bin/ld
configure:5794: checking if the linker (/usr/bin/ld) is GNU ld
configure:5809: result: yes
configure:5821: checking for BSD- or MS-compatible name lister (nm)
configure:5875: result: /usr/bin/nm -B
configure:6005: checking the name lister (/usr/bin/nm -B) interface
configure:6012: cc -c -g -O2  conftest.c >&5
configure:6015: /usr/bin/nm -B "conftest.o"
configure:6018: output
0000000000000000 B some_variable
configure:6025: result: BSD nm
configure:6028: checking whether ln -s works
configure:6032: result: yes
configure:6040: checking the maximum length of command line arguments
configure:6171: result: 1572864
configure:6219: checking how to convert x86_64-pc-linux-gnu file names to x86_64-pc-linux-gnu format
configure:6259: result: func_convert_file_noop
configure:6266: checking how to convert x86_64-pc-linux-gnu file names to toolchain format
configure:6286: result: func_convert_file_noop
configure:6293: checking for /usr/bin/ld option to reload object files
configure:6300: result: -r
configure:6374: checking for objdump
configure:6390: found /usr/bin/objdump
configure:6401: result: objdump
configure:6433: checking how to recognize dependent libraries
configure:6633: result: pass_all
configure:6718: checking for dlltool
configure:6748: result: no
configure:6778: checking how to associate runtime and link libraries
configure:6805: result: printf %s\n
configure:6865: checking for ar
configure:6881: found /usr/bin/ar
configure:6892: result: ar
configure:6929: checking for archiver @FILE support
configure:6946: cc -c -g -O2  conftest.c >&5
configure:6946: $? = 0
configure:6949: ar cru libconftest.a @conftest.lst >&5
ar: `u' modifier ignored since `D' is the default (see `U')
configure:6952: $? = 0
configure:6957: ar cru libconftest.a @conftest.lst >&5
ar: `u' modifier ignored since `D' is the default (see `U')
ar: conftest.o: No such file or directory
configure:6960: $? = 1
configure:6972: result: @
configure:7030: checking for strip
configure:7046: found /usr/bin/strip
configure:7057: result: strip
configure:7129: checking for ranlib
configure:7145: found /usr/bin/ranlib
configure:7156: result: ranlib
configure:7233: checking for gawk
configure:7260: result: gawk
configure:7300: checking command to parse /usr/bin/nm -B output from cc object
configure:7453: cc -c -g -O2  conftest.c >&5
configure:7456: $? = 0
configure:7460: /usr/bin/nm -B conftest.o \| sed -n -e 's/^.*[ ]\([ABCDGIRSTW][ABCDGIRSTW]*\)[ ][ ]*\([_A-Za-z][_A-Za-z0-9]*\)$/\1 \2 \2/p' | sed '/ __gnu_lto/d' \> conftest.nm
configure:7463: $? = 0
configure:7529: cc -o conftest -g -O2   conftest.c conftstm.o >&5
configure:7532: $? = 0
configure:7570: result: ok
configure:7617: checking for sysroot
configure:7647: result: no
configure:7654: checking for a working dd
configure:7692: result: /bin/dd
configure:7696: checking how to truncate binary pipes
configure:7711: result: /bin/dd bs=4096 count=1
configure:7847: cc -c -g -O2  conftest.c >&5
configure:7850: $? = 0
configure:8040: checking for mt
configure:8056: found /bin/mt
configure:8067: result: mt
configure:8090: checking if mt is a manifest tool
configure:8096: mt '-?'
configure:8104: result: no
configure:8776: checking for ANSI C header files
configure:8796: cc -c -g -O2  conftest.c >&5
configure:8796: $? = 0
configure:8869: cc -o conftest -g -O2   conftest.c  >&5
configure:8869: $? = 0
configure:8869: ./conftest
configure:8869: $? = 0
configure:8880: result: yes
configure:8893: checking for sys/types.h
configure:8893: cc -c -g -O2  conftest.c >&5
configure:8893: $? = 0
configure:8893: result: yes
configure:8893: checking for sys/stat.h
configure:8893: cc -c -g -O2  conftest.c >&5
configure:8893: $? = 0
configure:8893: result: yes
configure:8893: checking for stdlib.h
configure:8893: cc -c -g -O2  conftest.c >&5
configure:8893: $? = 0
configure:8893: result: yes
configure:8893: checking for string.h
configure:8893: cc -c -g -O2  conftest.c >&5
configure:8893: $? = 0
configure:8893: result: yes
configure:8893: checking for memory.h
configure:8893: cc -c -g -O2  conftest.c >&5
configure:8893: $? = 0
configure:8893: result: yes
configure:8893: checking for strings.h
configure:8893: cc -c -g -O2  conftest.c >&5
configure:8893: $? = 0
configure:8893: result: yes
configure:8893: checking for inttypes.h
configure:8893: cc -c -g -O2  conftest.c >&5
configure:8893: $? = 0
configure:8893: result: yes
configure:8893: checking for stdint.h
configure:8893: cc -c -g -O2  conftest.c >&5
configure:8893: $? = 0
configure:8893: result: yes
configure:8893: checking for unistd.h
configure:8893: cc -c -g -O2  conftest.c >&5
configure:8893: $? = 0
configure:8893: result: yes
configure:8907: checking for dlfcn.h
configure:8907: cc -c -g -O2  conftest.c >&5
configure:8907: $? = 0
configure:8907: result: yes
configure:9163: checking for objdir
configure:9178: result: .libs
configure:9442: checking if cc supports -fno-rtti -fno-exceptions
configure:9460: cc -c -g -O2  -fno-rtti -fno-exceptions conftest.c >&5
cc1: warning: command line option '-fno-rtti' is valid for C++/ObjC++ but not for C
configure:9464: $? = 0
configure:9477: result: no
configure:9835: checking for cc option to produce PIC
configure:9842: result: -fPIC -DPIC
configure:9850: checking if cc PIC flag -fPIC -DPIC works
configure:9868: cc -c -g -O2  -fPIC -DPIC -DPIC conftest.c >&5
configure:9872: $? = 0
configure:9885: result: yes
configure:9914: checking if cc static flag -static works
configure:9942: result: yes
configure:9957: checking if cc supports -c -o file.o
configure:9978: cc -c -g -O2  -o out/conftest2.o conftest.c >&5
configure:9982: $? = 0
configure:10004: result: yes
configure:10012: checking if cc supports -c -o file.o
configure:10059: result: yes
configure:10092: checking whether the cc linker (/usr/bin/ld -m elf_x86_64) supports shared libraries
configure:11355: result: yes
configure:11392: checking whether -lc should be explicitly linked in
configure:11400: cc -c -g -O2  conftest.c >&5
configure:11403: $? = 0
configure:11418: cc -shared  -fPIC -DPIC conftest.o  -v -Wl,-soname -Wl,conftest -o conftest 2\>\&1 \| /bin/grep  -lc  \>/dev/null 2\>\&1
configure:11421: $? = 0
configure:11435: result: no
configure:11595: checking dynamic linker characteristics
configure:12176: cc -o conftest -g -O2   -Wl,-rpath -Wl,/foo conftest.c  >&5
configure:12176: $? = 0
configure:12425: result: GNU/Linux ld.so
configure:12547: checking how to hardcode library paths into programs
configure:12572: result: immediate
configure:13120: checking whether stripping libraries is possible
configure:13125: result: yes
configure:13160: checking if libtool supports shared libraries
configure:13162: result: yes
configure:13165: checking whether to build shared libraries
configure:13190: result: yes
configure:13193: checking whether to build static libraries
configure:13197: result: no
configure:13473: creating ./config.status

## ---------------------- ##
## Running config.status. ##
## ---------------------- ##

This file was extended by config.status, which was
generated by GNU Autoconf 2.69.  Invocation command line was

  CONFIG_FILES    = 
  CONFIG_HEADERS  = 
  CONFIG_LINKS    = 
  CONFIG_COMMANDS = 
  $ ./config.status 

on ubuntu

config.status:889: creating config.h
config.status:993: executing libtool commands

## ---------------- ##
## Cache variables. ##
## ---------------- ##

ac_cv_build=x86_64-pc-linux-gnu
ac_cv_c_bigendian_php=no
ac_cv_c_compiler_gnu=yes
ac_cv_env_CC_set=
ac_cv_env_CC_value=
ac_cv_env_CFLAGS_set=
ac_cv_env_CFLAGS_value=
ac_cv_env_CPPFLAGS_set=
ac_cv_env_CPPFLAGS_value=
ac_cv_env_CPP_set=
ac_cv_env_CPP_value=
ac_cv_env_LDFLAGS_set=
ac_cv_env_LDFLAGS_value=
ac_cv_env_LIBS_set=
ac_cv_env_LIBS_value=
ac_cv_env_LT_SYS_LIBRARY_PATH_set=
ac_cv_env_LT_SYS_LIBRARY_PATH_value=
ac_cv_env_build_alias_set=
ac_cv_env_build_alias_value=
ac_cv_env_host_alias_set=
ac_cv_env_host_alias_value=
ac_cv_env_target_alias_set=
ac_cv_env_target_alias_value=
ac_cv_header_dlfcn_h=yes
ac_cv_header_inttypes_h=yes
ac_cv_header_memory_h=yes
ac_cv_header_stdc=yes
ac_cv_header_stdint_h=yes
ac_cv_header_stdlib_h=yes
ac_cv_header_string_h=yes
ac_cv_header_strings_h=yes
ac_cv_header_sys_stat_h=yes
ac_cv_header_sys_types_h=yes
ac_cv_header_unistd_h=yes
ac_cv_host=x86_64-pc-linux-gnu
ac_cv_objext=o
ac_cv_path_EGREP='/bin/grep -E'
ac_cv_path_FGREP='/bin/grep -F'
ac_cv_path_GREP=/bin/grep
ac_cv_path_SED=/bin/sed
ac_cv_path_lt_DD=/bin/dd
ac_cv_prog_AWK=gawk
ac_cv_prog_CPP='cc -E'
ac_cv_prog_ac_ct_AR=ar
ac_cv_prog_ac_ct_CC=cc
ac_cv_prog_ac_ct_MANIFEST_TOOL=mt
ac_cv_prog_ac_ct_OBJDUMP=objdump
ac_cv_prog_ac_ct_RANLIB=ranlib
ac_cv_prog_ac_ct_STRIP=strip
ac_cv_prog_cc_c89=
ac_cv_prog_cc_cc_c_o=yes
ac_cv_prog_cc_g=yes
ac_cv_target=x86_64-pc-linux-gnu
lt_cv_ar_at_file=@
lt_cv_archive_cmds_need_lc=no
lt_cv_deplibs_check_method=pass_all
lt_cv_file_magic_cmd='$MAGIC_CMD'
lt_cv_file_magic_test_file=
lt_cv_ld_reload_flag=-r
lt_cv_nm_interface='BSD nm'
lt_cv_objdir=.libs
lt_cv_path_LD=/usr/bin/ld
lt_cv_path_NM='/usr/bin/nm -B'
lt_cv_path_mainfest_tool=no
lt_cv_prog_compiler_c_o=yes
lt_cv_prog_compiler_pic='-fPIC -DPIC'
lt_cv_prog_compiler_pic_works=yes
lt_cv_prog_compiler_rtti_exceptions=no
lt_cv_prog_compiler_static_works=yes
lt_cv_prog_gnu_ld=yes
lt_cv_sharedlib_from_linklib_cmd='printf %s\n'
lt_cv_shlibpath_overrides_runpath=no
lt_cv_sys_global_symbol_pipe='sed -n -e '\''s/^.*[	 ]\([ABCDGIRSTW][ABCDGIRSTW]*\)[	 ][	 ]*\([_A-Za-z][_A-Za-z0-9]*\)$/\1 \2 \2/p'\'' | sed '\''/ __gnu_lto/d'\'''
lt_cv_sys_global_symbol_to_c_name_address='sed -n -e '\''s/^: \(.*\) .*$/  {"\1", (void *) 0},/p'\'' -e '\''s/^[ABCDGIRSTW][ABCDGIRSTW]* .* \(.*\)$/  {"\1", (void *) \&\1},/p'\'''
lt_cv_sys_global_symbol_to_c_name_address_lib_prefix='sed -n -e '\''s/^: \(.*\) .*$/  {"\1", (void *) 0},/p'\'' -e '\''s/^[ABCDGIRSTW][ABCDGIRSTW]* .* \(lib.*\)$/  {"\1", (void *) \&\1},/p'\'' -e '\''s/^[ABCDGIRSTW][ABCDGIRSTW]* .* \(.*\)$/  {"lib\1", (void *) \&\1},/p'\'''
lt_cv_sys_global_symbol_to_cdecl='sed -n -e '\''s/^T .* \(.*\)$/extern int \1();/p'\'' -e '\''s/^[ABCDGIRSTW][ABCDGIRSTW]* .* \(.*\)$/extern char \1;/p'\'''
lt_cv_sys_global_symbol_to_import=
lt_cv_sys_max_cmd_len=1572864
lt_cv_to_host_file_cmd=func_convert_file_noop
lt_cv_to_tool_file_cmd=func_convert_file_noop
lt_cv_truncate_bin='/bin/dd bs=4096 count=1'
php_cv_cc_dashr=no
php_cv_cc_rpath=yes

## ----------------- ##
## Output variables. ##
## ----------------- ##

AR='ar'
AWK='gawk'
CC='cc'
CFLAGS='-g -O2'
CONFIGURE_COMMAND=' '\''./configure'\''  '\''--enable-mongo'\'' '\''--with-php-config=php-config'\'' '\''--prefix=/usr/lib/php5/'\'''
CONFIGURE_OPTIONS=' '\''--enable-mongo'\'' '\''--with-php-config=php-config'\'' '\''--prefix=/usr/lib/php5/'\'''
CPP='cc -E'
CPPFLAGS=' -DHAVE_CONFIG_H'
DEFS='-DHAVE_CONFIG_H'
DLLTOOL='false'
DSYMUTIL=''
DUMPBIN=''
ECHO_C=''
ECHO_N='-n'
ECHO_T=''
EGREP='/bin/grep -E'
EXEEXT=''
FGREP='/bin/grep -F'
GENHTML=''
GREP='/bin/grep'
LCOV=''
LD='/usr/bin/ld -m elf_x86_64'
LDFLAGS=''
LIBOBJS=''
LIBS=''
LIBTOOL='$(SHELL) $(top_builddir)/libtool'
LIPO=''
LN_S='ln -s'
LTLIBOBJS=''
LT_SYS_LIBRARY_PATH=''
MANIFEST_TOOL=':'
NM='/usr/bin/nm -B'
NMEDIT=''
OBJDUMP='objdump'
OBJEXT='o'
OTOOL64=''
OTOOL=''
PACKAGE_BUGREPORT=''
PACKAGE_NAME=''
PACKAGE_STRING=''
PACKAGE_TARNAME=''
PACKAGE_URL=''
PACKAGE_VERSION=''
PATH_SEPARATOR=':'
RANLIB='ranlib'
RE2C='exit 0;'
SED='/bin/sed'
SHELL='/bin/bash'
SHLIB_DL_SUFFIX_NAME='so'
SHLIB_SUFFIX_NAME='so'
STRIP='strip'
ac_ct_AR='ar'
ac_ct_CC='cc'
ac_ct_DUMPBIN=''
bindir='${exec_prefix}/bin'
build='x86_64-pc-linux-gnu'
build_alias=''
build_cpu='x86_64'
build_os='linux-gnu'
build_vendor='pc'
datadir='${datarootdir}'
datarootdir='${prefix}/share'
docdir='${datarootdir}/doc/${PACKAGE}'
dvidir='${docdir}'
exec_prefix='$(prefix)'
host='x86_64-pc-linux-gnu'
host_alias='x86_64-pc-linux-gnu'
host_cpu='x86_64'
host_os='linux-gnu'
host_vendor='pc'
htmldir='${docdir}'
includedir='${prefix}/include'
infodir='${datarootdir}/info'
libdir='${exec_prefix}/lib'
libexecdir='${exec_prefix}/libexec'
localedir='${datarootdir}/locale'
localstatedir='${prefix}/var'
mandir='${datarootdir}/man'
oldincludedir='/usr/include'
pdfdir='${docdir}'
prefix='/usr'
program_transform_name='s,x,x,'
psdir='${docdir}'
runstatedir='${localstatedir}/run'
sbindir='${exec_prefix}/sbin'
sharedstatedir='${prefix}/com'
sysconfdir='${prefix}/etc'
target='x86_64-pc-linux-gnu'
target_alias=''
target_cpu='x86_64'
target_os='linux-gnu'
target_vendor='pc'

## ----------- ##
## confdefs.h. ##
## ----------- ##

/* confdefs.h */
#define PACKAGE_NAME ""
#define PACKAGE_TARNAME ""
#define PACKAGE_VERSION ""
#define PACKAGE_STRING ""
#define PACKAGE_BUGREPORT ""
#define PACKAGE_URL ""
#define HAVE_MONGO 1
#define COMPILE_DL_MONGO 1
#define STDC_HEADERS 1
#define HAVE_SYS_TYPES_H 1
#define HAVE_SYS_STAT_H 1
#define HAVE_STDLIB_H 1
#define HAVE_STRING_H 1
#define HAVE_MEMORY_H 1
#define HAVE_STRINGS_H 1
#define HAVE_INTTYPES_H 1
#define HAVE_STDINT_H 1
#define HAVE_UNISTD_H 1
#define HAVE_DLFCN_H 1
#define LT_OBJDIR ".libs/"

configure: exit 0
